
[INFO ] 2021-12-27 15:58:58.039 [main] GeneralTest - Browser started
[INFO ] 2021-12-27 15:59:02.206 [main] GeneralTest - Application opened
[INFO ] 2021-12-27 15:59:04.242 [main] GeneralTest - Cookies Accepted
[INFO ] 2021-12-27 16:07:25.201 [main] GeneralTest - Browser started
[INFO ] 2021-12-27 16:07:32.615 [main] GeneralTest - Application opened
[INFO ] 2021-12-27 16:08:14.178 [main] GeneralTest - Browser started
[INFO ] 2021-12-27 16:08:18.356 [main] GeneralTest - Application opened
[INFO ] 2021-12-27 16:11:08.687 [main] GeneralTest - Browser started
[INFO ] 2021-12-27 16:11:12.902 [main] GeneralTest - Application opened
[INFO ] 2021-12-27 16:12:22.407 [main] GeneralTest - Browser started
[INFO ] 2021-12-27 16:12:25.187 [main] GeneralTest - Application opened
[INFO ] 2021-12-27 16:15:03.064 [main] GeneralTest - Browser started
[INFO ] 2021-12-27 16:15:07.044 [main] GeneralTest - Application opened
[INFO ] 2021-12-27 16:17:28.659 [main] GeneralTest - Browser started
[INFO ] 2021-12-27 16:17:32.332 [main] GeneralTest - Application opened
[INFO ] 2021-12-27 16:18:25.959 [main] GeneralTest - Browser started
[INFO ] 2021-12-27 16:18:29.236 [main] GeneralTest - Application opened
[INFO ] 2021-12-27 16:19:13.574 [main] GeneralTest - Browser started
[INFO ] 2021-12-27 16:19:17.238 [main] GeneralTest - Application opened
[INFO ] 2021-12-27 16:21:31.526 [main] GeneralTest - Browser started
[INFO ] 2021-12-27 16:22:21.417 [main] GeneralTest - Browser started
[INFO ] 2021-12-27 16:22:24.160 [main] GeneralTest - Application opened
[INFO ] 2021-12-27 16:23:21.139 [main] GeneralTest - Browser started
[INFO ] 2021-12-27 16:23:24.639 [main] GeneralTest - Application opened
[INFO ] 2021-12-27 16:24:35.172 [main] GeneralTest - Browser started
[INFO ] 2021-12-27 16:24:38.482 [main] GeneralTest - Application opened
[INFO ] 2021-12-27 16:25:08.828 [main] GeneralTest - Browser started
[INFO ] 2021-12-27 16:29:47.196 [main] GeneralTest - Browser started
[INFO ] 2021-12-27 16:29:51.410 [main] GeneralTest - Application opened
[INFO ] 2021-12-27 16:36:26.471 [main] GeneralTest - Browser started
[INFO ] 2021-12-27 16:37:26.659 [main] GeneralTest - Browser started
[INFO ] 2021-12-27 16:37:31.144 [main] GeneralTest - Application opened
[INFO ] 2021-12-27 16:42:38.963 [main] GeneralTest - Browser started
[INFO ] 2021-12-27 16:42:43.431 [main] GeneralTest - Application opened
[INFO ] 2021-12-27 16:43:29.105 [main] GeneralTest - Browser started
[INFO ] 2021-12-27 16:43:32.911 [main] GeneralTest - Application opened
[INFO ] 2021-12-27 16:43:39.936 [main] GeneralTest - Cookies Accepted
[INFO ] 2021-12-27 16:43:45.612 [main] GeneralTest - Success Login
[INFO ] 2021-12-27 16:43:49.380 [main] GeneralTest - Profil Informations verified
[INFO ] 2021-12-27 16:44:04.046 [main] GeneralTest - Browser started
[INFO ] 2021-12-27 16:44:09.130 [main] GeneralTest - Application opened
[INFO ] 2021-12-27 16:44:14.549 [main] GeneralTest - Cookies Accepted
[INFO ] 2021-12-27 16:44:19.921 [main] GeneralTest - Success Login
[INFO ] 2021-12-27 16:44:24.012 [main] GeneralTest - Profil Informations verified
[INFO ] 2021-12-27 16:44:54.559 [main] GeneralTest - Browser started
[INFO ] 2021-12-27 16:44:59.026 [main] GeneralTest - Application opened
[INFO ] 2021-12-27 16:45:45.610 [main] GeneralTest - Browser started
[INFO ] 2021-12-27 16:45:49.278 [main] GeneralTest - Application opened
[INFO ] 2021-12-27 16:51:49.946 [main] GeneralTest - Browser started
[INFO ] 2021-12-27 16:57:23.405 [main] GeneralTest - Browser started
[INFO ] 2021-12-27 16:57:27.718 [main] GeneralTest - Application opened
[INFO ] 2021-12-27 17:02:12.221 [main] GeneralTest - Browser started
[INFO ] 2021-12-27 17:05:45.421 [main] GeneralTest - Browser started
[INFO ] 2021-12-27 17:07:14.104 [main] GeneralTest - Browser started
[INFO ] 2021-12-27 17:11:37.588 [main] GeneralTest - Browser started
[INFO ] 2021-12-27 17:15:15.904 [main] GeneralTest - Browser started
[INFO ] 2021-12-27 17:15:54.731 [main] GeneralTest - Browser started
[INFO ] 2021-12-27 17:17:04.539 [main] GeneralTest - Browser started
[INFO ] 2021-12-27 17:19:56.739 [main] GeneralTest - Browser started
[INFO ] 2021-12-27 17:24:19.763 [main] GeneralTest - Browser started
[INFO ] 2021-12-27 18:01:24.485 [main] GeneralTest - Browser started
[INFO ] 2021-12-27 18:04:53.617 [main] GeneralTest - Browser started
[INFO ] 2021-12-27 18:06:49.402 [main] GeneralTest - Browser started
[INFO ] 2021-12-27 18:09:02.201 [main] GeneralTest - Browser started
[INFO ] 2021-12-27 18:10:19.633 [main] GeneralTest - Browser started
[INFO ] 2021-12-27 18:13:18.116 [main] GeneralTest - Browser started
[INFO ] 2021-12-27 18:19:31.095 [main] GeneralTest - Browser started
[INFO ] 2021-12-27 18:23:46.072 [main] GeneralTest - Browser started
[INFO ] 2021-12-27 18:26:32.446 [main] GeneralTest - Browser started
[INFO ] 2021-12-27 18:30:31.702 [main] GeneralTest - Browser started
[INFO ] 2021-12-27 18:33:17.015 [main] GeneralTest - Browser started
[INFO ] 2021-12-27 18:35:49.795 [main] GeneralTest - Browser started
[INFO ] 2021-12-27 20:04:55.407 [main] GeneralTest - Browser started
[INFO ] 2021-12-27 20:08:38.975 [main] GeneralTest - Browser started
[INFO ] 2021-12-27 20:10:44.922 [main] GeneralTest - Browser started
[INFO ] 2021-12-27 20:11:55.602 [main] GeneralTest - Browser started
[INFO ] 2021-12-27 20:19:11.315 [main] GeneralTest - Browser started
[INFO ] 2021-12-27 20:21:06.444 [main] GeneralTest - Browser started
[INFO ] 2021-12-27 20:23:23.192 [main] GeneralTest - Browser started
[INFO ] 2021-12-27 20:36:51.799 [main] GeneralTest - Browser started
[INFO ] 2021-12-27 20:37:20.947 [main] GeneralTest - Browser started
[INFO ] 2021-12-27 20:41:24.045 [main] GeneralTest - Browser started
[INFO ] 2021-12-27 20:45:57.772 [main] GeneralTest - Browser started
[INFO ] 2021-12-27 20:46:53.990 [main] GeneralTest - Browser started
[INFO ] 2021-12-27 20:53:58.057 [main] GeneralTest - Browser started
[INFO ] 2021-12-27 21:25:30.761 [main] GeneralTest - Browser started
[INFO ] 2021-12-27 21:29:33.492 [main] GeneralTest - Browser started
[INFO ] 2021-12-27 21:31:06.985 [main] GeneralTest - Browser started
[INFO ] 2021-12-27 21:32:26.519 [main] GeneralTest - Browser started
[INFO ] 2021-12-27 21:33:10.439 [main] GeneralTest - Browser started
[INFO ] 2021-12-27 21:34:18.157 [main] GeneralTest - Browser started
[INFO ] 2021-12-27 21:36:02.811 [main] GeneralTest - Browser started
[INFO ] 2021-12-27 21:37:16.541 [main] GeneralTest - Browser started
[INFO ] 2021-12-27 21:38:39.748 [main] GeneralTest - Browser started
[INFO ] 2021-12-27 21:40:11.264 [main] GeneralTest - Browser started
[INFO ] 2021-12-27 22:22:16.456 [main] GeneralTest - Browser started
