[INFO ] 2021-12-26 16:14:29.279 [main] GeneralTest - Browser started
[INFO ] 2021-12-26 16:14:56.173 [main] GeneralTest - Application opened
[INFO ] 2021-12-26 16:14:57.320 [main] GeneralTest - Cookies Accepted
[INFO ] 2021-12-26 16:15:00.732 [main] GeneralTest - Success Login
[INFO ] 2021-12-26 16:15:03.146 [main] GeneralTest - Profil Informations verified
[INFO ] 2021-12-26 16:16:59.454 [main] GeneralTest - Browser started
[INFO ] 2021-12-26 16:17:25.860 [main] GeneralTest - Application opened
[INFO ] 2021-12-26 16:17:27.384 [main] GeneralTest - Cookies Accepted
[INFO ] 2021-12-26 16:17:32.001 [main] GeneralTest - Success Login
[INFO ] 2021-12-26 16:17:34.608 [main] GeneralTest - Profil Informations verified
[INFO ] 2021-12-26 16:33:30.698 [main] GeneralTest - Browser started
[INFO ] 2021-12-26 16:33:57.735 [main] GeneralTest - Application opened
[INFO ] 2021-12-26 16:33:59.208 [main] GeneralTest - Cookies Accepted
[INFO ] 2021-12-26 16:34:02.922 [main] GeneralTest - Success Login
[INFO ] 2021-12-26 16:34:05.643 [main] GeneralTest - Profil Informations verified
[INFO ] 2021-12-26 16:36:56.664 [main] GeneralTest - Browser started
[INFO ] 2021-12-26 16:37:25.425 [main] GeneralTest - Application opened
[INFO ] 2021-12-26 16:37:26.895 [main] GeneralTest - Cookies Accepted
[INFO ] 2021-12-26 16:37:30.281 [main] GeneralTest - Success Login
[INFO ] 2021-12-26 16:37:32.596 [main] GeneralTest - Profil Informations verified
[INFO ] 2021-12-26 17:01:00.065 [main] GeneralTest - Browser started
[INFO ] 2021-12-26 17:23:59.221 [main] GeneralTest - Browser started
[INFO ] 2021-12-26 17:24:27.901 [main] GeneralTest - Application opened
[INFO ] 2021-12-26 17:24:28.701 [main] GeneralTest - Cookies Accepted
[INFO ] 2021-12-26 17:24:33.327 [main] GeneralTest - Success Login
[INFO ] 2021-12-26 17:24:35.173 [main] GeneralTest - Profil Informations verified
[INFO ] 2021-12-26 19:56:34.908 [main] GeneralTest - Browser started
[INFO ] 2021-12-26 19:57:20.652 [main] GeneralTest - Application opened
[INFO ] 2021-12-26 19:58:59.575 [main] GeneralTest - Browser started
[INFO ] 2021-12-26 19:59:47.449 [main] GeneralTest - Application opened
[INFO ] 2021-12-26 20:01:43.089 [main] GeneralTest - Browser started
[INFO ] 2021-12-26 20:02:43.234 [main] GeneralTest - Application opened
[INFO ] 2021-12-26 20:03:38.777 [main] GeneralTest - Browser started
[INFO ] 2021-12-26 20:03:57.224 [main] GeneralTest - Application opened
[INFO ] 2021-12-26 20:04:48.973 [main] GeneralTest - Browser started
[INFO ] 2021-12-26 20:05:16.172 [main] GeneralTest - Application opened
[INFO ] 2021-12-26 20:06:25.627 [main] GeneralTest - Browser started
[INFO ] 2021-12-26 20:06:48.231 [main] GeneralTest - Application opened
[INFO ] 2021-12-26 20:08:26.074 [main] GeneralTest - Browser started
[INFO ] 2021-12-26 20:09:39.879 [main] GeneralTest - Application opened
[INFO ] 2021-12-26 20:11:20.417 [main] GeneralTest - Browser started
[INFO ] 2021-12-26 20:11:37.695 [main] GeneralTest - Application opened
[INFO ] 2021-12-26 20:12:46.295 [main] GeneralTest - Browser started
[INFO ] 2021-12-26 20:13:08.083 [main] GeneralTest - Application opened
[INFO ] 2021-12-26 20:15:43.944 [main] GeneralTest - Browser started
[INFO ] 2021-12-26 20:17:11.659 [main] GeneralTest - Application opened
[INFO ] 2021-12-26 20:19:09.156 [main] GeneralTest - Browser started
[INFO ] 2021-12-26 20:19:44.024 [main] GeneralTest - Application opened
[INFO ] 2021-12-26 20:22:30.591 [main] GeneralTest - Browser started
[INFO ] 2021-12-26 20:22:57.031 [main] GeneralTest - Application opened
[INFO ] 2021-12-26 20:43:59.292 [main] GeneralTest - Browser started
[INFO ] 2021-12-26 20:44:32.535 [main] GeneralTest - Application opened
[INFO ] 2021-12-26 20:44:33.760 [main] GeneralTest - Cookies Accepted
[INFO ] 2021-12-26 20:44:51.540 [main] GeneralTest - Success Login
[INFO ] 2021-12-26 20:44:57.381 [main] GeneralTest - Profil Informations verified
[INFO ] 2021-12-26 21:55:39.572 [main] GeneralTest - Browser started
[INFO ] 2021-12-26 21:56:02.286 [main] GeneralTest - Application opened
[INFO ] 2021-12-26 21:57:55.790 [main] GeneralTest - Browser started
[INFO ] 2021-12-26 21:58:15.308 [main] GeneralTest - Browser started
[INFO ] 2021-12-26 21:59:32.691 [main] GeneralTest - Application opened
[INFO ] 2021-12-26 21:59:45.590 [main] GeneralTest - Cookies Accepted
[INFO ] 2021-12-26 21:59:49.535 [main] GeneralTest - Success Login
[INFO ] 2021-12-26 21:59:52.609 [main] GeneralTest - Profil Informations verified
[INFO ] 2021-12-26 22:02:03.545 [main] GeneralTest - Browser started
[INFO ] 2021-12-26 22:02:42.631 [main] GeneralTest - Application opened
[INFO ] 2021-12-26 22:04:22.593 [main] GeneralTest - Browser started
[INFO ] 2021-12-26 22:04:24.632 [main] GeneralTest - Application opened
[INFO ] 2021-12-26 22:10:59.703 [main] GeneralTest - Browser started
[INFO ] 2021-12-26 22:11:25.824 [main] GeneralTest - Application opened
[INFO ] 2021-12-26 22:11:27.156 [main] GeneralTest - Cookies Accepted
[INFO ] 2021-12-26 22:11:59.723 [main] GeneralTest - Success Login
[INFO ] 2021-12-26 22:16:53.547 [main] GeneralTest - Browser started
[INFO ] 2021-12-26 22:19:05.056 [main] GeneralTest - Application opened
[INFO ] 2021-12-26 22:19:06.413 [main] GeneralTest - Cookies Accepted
[INFO ] 2021-12-26 22:19:38.371 [main] GeneralTest - Success Login
[INFO ] 2021-12-26 22:21:57.293 [main] GeneralTest - Browser started
[INFO ] 2021-12-26 22:23:56.311 [main] GeneralTest - Application opened
[INFO ] 2021-12-26 22:23:57.398 [main] GeneralTest - Cookies Accepted
[INFO ] 2021-12-26 22:24:29.608 [main] GeneralTest - Success Login
[INFO ] 2021-12-26 22:31:56.265 [main] GeneralTest - Browser started
[INFO ] 2021-12-26 22:33:38.961 [main] GeneralTest - Application opened
[INFO ] 2021-12-26 22:33:40.215 [main] GeneralTest - Cookies Accepted
[INFO ] 2021-12-26 22:34:12.737 [main] GeneralTest - Success Login
[INFO ] 2021-12-26 22:35:08.573 [main] GeneralTest - Browser started
[INFO ] 2021-12-26 22:37:14.253 [main] GeneralTest - Browser started
[INFO ] 2021-12-26 22:38:32.771 [main] GeneralTest - Application opened
[INFO ] 2021-12-26 22:38:33.889 [main] GeneralTest - Cookies Accepted
[INFO ] 2021-12-26 22:38:54.235 [main] GeneralTest - Success Login
[INFO ] 2021-12-26 22:39:50.685 [main] GeneralTest - Browser started
[INFO ] 2021-12-26 22:40:54.307 [main] GeneralTest - Application opened
[INFO ] 2021-12-26 22:40:55.597 [main] GeneralTest - Cookies Accepted
[INFO ] 2021-12-26 22:40:59.001 [main] GeneralTest - Success Login
[INFO ] 2021-12-26 22:42:02.237 [main] GeneralTest - Browser started
[INFO ] 2021-12-26 22:43:19.117 [main] GeneralTest - Application opened
[INFO ] 2021-12-26 22:43:20.410 [main] GeneralTest - Cookies Accepted
[INFO ] 2021-12-26 22:43:24.040 [main] GeneralTest - Success Login
[INFO ] 2021-12-26 22:43:26.751 [main] GeneralTest - Profil Informations verified
